40 1.32629161821042718117 1.33360977354305654252
44 1.34111606509578340507 1.30394710214487452582
99 1.36522332137552160347 1.25684258930160752676
78 1.36818269891571220320 1.25114820102318913264
10 1.29431997194674530682 1.39971774069899246307
88 1.25692418884118106703 1.48168222820198436374
30 1.24953811557695781964 1.49861031078877160461
36 1.21870058553213644892 1.57269643628986899309
38 1.21501440870748722567 1.58198527593788274004
75 1.21424837425937970359 1.58392900540736358828
90 1.19909333645589422090 1.62342180630062027369
91 1.19484112585682744623 1.63489482353257797875
98 1.19393944617826108789 1.63735212860248258160
37 1.16119054165500790177 1.73393507380348133040
51 1.14363259834466868270 1.79429859529027702081
24 1.10059052828198677965 2.13618593470926132483
17 1.12172808994649741976 2.27989846637592119549
9 1.12902247507758213274 2.30653378520040996946
61 1.13385326133625463640 2.32218102183234798019
7 1.13723260766422518131 2.33240019320857072671
5 1.20178065650109733298 2.47030173352327020453
23 1.28635216039243704955 2.58528084785093970055
21 1.36275529541957718394 2.66398675056262490557
63 1.37623737535970125379 2.67637016276648020963
86 1.48677320513621036291 2.76653760404310977705
89 1.62098013172311983254 2.85793383082121366101
72 1.63145082030051313815 2.86449970629624894869
62 1.68956376276839104200 2.89981417170518884774
54 1.71086227074018903949 2.91233074172101380483
93 1.71720831227533876628 2.91602057660665758831
16 1.76916080896360750074 2.94561000776952663927
53 1.87415129317066209147 3.00267270352983395298
45 1.94127399145086454446 3.03774715894852453957
77 1.94826188232321562133 3.04135131265344504925
87 1.96713824315773799789 3.05104952234949466927
60 2.04015318630327469052 3.08813957207966049978
96 2.14675497995518949068 3.06460672604743500358
3 2.14675497995721897837 3.12531746042552338594
26 2.14675497995353881109 2.85647281890650717173
49 2.14675497995308628418 2.85497865511121284854
79 2.14675497995228825587 2.83535234664945745564
19 2.14675497995295705422 2.83147203159898852576
71 2.14675497995253738992 2.75913232125389162874
20 2.14675497995252584360 2.63800034850170028733
29 2.14675497995295305742 2.59149757685992110368
1 2.14675497995310271548 2.57180739524386892114
12 2.14675497995316399980 2.55480138938443079866
14 2.14675497995299124909 2.43151467470108606506
48 2.14675497995268083073 2.42336610101553162622
39 2.14675497995320219147 2.36903162561663549468
97 2.14675497995286246322 2.13610024863124792205
4 2.14675497995338648849 2.04651562628134486843
74 2.14675497995280206709 1.92344646726196000230
82 2.14675497995283093289 1.84993271479260457113
70 2.14675497995290154307 1.78306040138630139680
56 2.14675497995308850463 1.45663465855408991168
95 2.14675497995305653021 1.39375329119794355570
59 2.14675497995306852062 1.34329226448961525087
27 2.14675497995288111497 1.31655097055212455537
85 2.14675497995287223318 1.28744697294000576271
42 2.14675497995288511177 1.26560792631190333069
92 2.14675497995294106701 1.26050735795030766084
64 2.14675497995307384969 1.22928602581294188489
15 2.14675497995306274746 1.20456725956612498152
58 2.14675497995291086895 1.15258504248727322583
94 2.14675497995325548217 1.04697153536500042748
52 2.14675497995288511177 0.96916216015790834781
11 2.14675497995298414367 0.88673144979888063322
65 2.14675497995296549192 0.81920608987528187317
35 2.14675497995319286559 0.68539339790647701989
18 2.14675497995314890076 0.56932449716364974535
46 2.14675497995358455228 0.54050170595443214339
76 2.14675497995346109548 0.52479619374895536410
47 2.14675497995315289756 0.49219616242732694422
41 2.14675497995342379198 0.42908341708318353813
55 2.14675497995249431327 0.36460847947262348123
34 2.14675497995362452031 0.36410584629027953341
81 1.97756135081072748072 0.25440357530285206966
67 2.02637901902306172275 0.18078337134401029074
80 2.04479671580680522069 0.15307049049067825153
8 2.14675497995016595354 0.09321723998587320981
6 2.14675497995280695207 0.08231594256876560711
25 2.14675497995703956633 0.04447381583164256025
84 2.14675497995688102648 0.04365468245711272288
13 2.14160547241871546120 0.00772427832023391686
83 2.14675497995322261957 0.17404955924112727739
43 1.85032161751514423464 0.44803768834254886766
57 1.77975847317742608134 0.55706705236131826009
100 1.76744211993049149534 0.57625800679754179967
31 1.73799213031163901633 0.62236997447393360705
66 1.73644636748120495540 0.62479950836724051921
32 1.71910845333093997844 0.65211719056558936636
73 1.70741763946783997596 0.67060952841966203763
33 1.70671677432024737620 0.67172006528547745230
50 1.69170905572896179692 0.69555410268277995112
68 1.62579342800359172294 0.80159374765099244975
22 1.59485778943391021123 0.85224174055431678454
28 1.59476975782729257780 0.85238677550200103727
69 1.50544719888726530321 1.00268927354380532613
2 1.49450377982662496734 1.02160102384741757753
