53 0.38495698317992832482 0.36818218694978127603
5 0.40026871650982909223 0.31260649784688376851
45 0.42138965868967076522 0.23691760066872891155
76 0.43390680894449684679 0.19247709803927579020
23 0.48869219056054391537 0.07657486060577689546
18 0.36045877791223684961 0.45871427118520263777
65 0.35216372302230952718 0.48991518831640390452
41 0.31749421836146540787 0.62423655586460546907
56 0.29969848211407018601 0.69630961109956912569
3 0.18074235000921842764 1.32257462238908041208
74 0.16648485519399061627 1.45697691110744309562
35 0.16312991261068193749 1.49799785312451438912
72 0.15796023964862715427 1.57902903790354409708
39 0.15749751824640223496 1.58826604620236988552
26 0.48869219055828849729 2.42639636089437438216
28 0.48869219055872376023 2.59565590194374529176
37 0.26152151379656113361 2.50735051816887377640
59 0.48869219055901935711 2.89267483487701371203
42 0.48869219055839269172 2.91581869302797658250
44 0.48869219055851131905 2.91929867054713643171
21 5.79096902980771233160 3.70312207359998568634
8 5.76749286171889163910 3.62862273051284356384
29 5.58505360638193959488 3.78961018930268966898
70 5.85519389511854448926 3.94720239283660490059
48 5.58505360638181702626 3.44647824060552299130
24 5.66924652816863705596 3.35476361289634805729
9 5.58505360638215542224 3.29949780260242597762
1 4.61546430742111724044 3.62828152381494106749
75 4.43313630006574754816 3.49144962011575854532
50 4.43313630006524217464 3.64756880735748367783
7 4.43313630006566405939 3.73698703490667405447
43 4.43313630006564984853 3.83713276224297983319
95 4.43313630006580883247 4.03526767299799526967
11 4.43313630006545800200 4.15082514152655068784
31 4.43313630006564185493 4.15158001040252777614
91 4.43313630006554149077 4.36511904515308657437
69 4.43313630006567294117 4.67778079067334928709
97 4.76590291857194792158 4.65831288842049584531
99 4.43313630006567205299 5.08504205176155998913
90 4.43313630006559478147 5.17177711424995134593
4 4.43313630006544645568 5.23002654916524800655
2 4.43313630006549885820 5.44232976216460961894
64 4.43313630006555392526 5.56824277918248977670
86 4.43313630006593140109 5.98382207377461572406
13 4.50962833133968743482 6.01345738707895360875
20 4.48673203302681500304 6.09491876059314119374
80 4.44484268633620605016 6.24220593280656821378
46 5.36910524631039010046 0.81107602356025598755
12 5.58505360638176551191 0.67600018329316402532
34 5.42769431240160482588 0.56977374776150702118
61 5.58505360638197778655 0.43937155202209915439
94 5.58505360638238546045 0.35743264212700465166
83 5.58505360638381276317 0.10672658175804131120
10 5.31946991140329661363 1.05082996279965779074
67 5.28992962158761148572 1.22799615310084631048
93 5.28980653474576811846 1.22883381967449967220
47 5.58505360638199999102 1.48756491921631561759
36 5.58505360638190850864 1.56353990706818612999
73 5.58505360638196446388 1.57255016082862031368
30 5.25051503405421104986 1.78406466715717715310
84 3.17329850002714453083 3.64825841281167839725
14 2.98451302091034476049 3.64286759334456489157
66 3.09849938315941209055 3.43340338473440542799
52 3.06673323350547288868 3.34964376516677209139
98 2.98451302091009385009 4.10238013213620700270
38 2.98451302091035008957 4.32589960010196694640
19 3.31795994200564869914 4.63829630132433567979
96 2.98451302091047576681 4.81229563758500411552
57 2.98451302091037673492 4.89280739911215523108
32 2.98451302091035763908 5.00130956046714025831
51 3.25042576229904556229 5.23057820404193396513
54 3.23381422676314356224 5.31654705681722994370
85 3.17286984695204354878 5.58949987986164753551
22 3.17214757832502458612 5.59247158101389096885
62 3.14108838275814861163 5.71646041924046866001
33 2.98451302091004277983 5.81278032749605255702
15 2.98451302091006498429 5.90546799217148432604
81 3.08108971064559211683 5.94106979112741662163
100 2.98451302091086922985 6.01345275721443783823
6 2.05531902052523829383 4.94385107004270718534
68 1.74532925199424138185 4.65407242757167249891
40 1.74532925199428756713 4.57527217950614950581
92 1.74532925199431998564 4.55275296509578364379
16 1.74532925199421762308 4.49153493256735281136
88 1.74532925199436461661 4.40353948289669006044
79 2.07595073038990340919 4.38786959570852097556
78 1.74532925199421518059 4.88005085159204465839
71 1.86121153595724098118 5.87039133744539132209
82 1.85316781136123953644 5.89998904141861046924
25 1.74532925199406840910 6.05125101089569028545
60 1.74532925199355926082 6.17447800277666747348
17 1.77338704463073670858 6.18488608859547639440
55 2.98451302091026837715 4.69074922961165530211
89 1.91391595100607547764 3.58686824618828969946
87 1.74532925199470079214 3.68786283698557593169
58 1.74532925199409993944 3.87406429806555285822
49 1.74532925199422073170 3.88258664058299762800
27 1.81303899518143385450 3.31225087989818955947
63 1.74532925199325572585 3.27133152495190193676
77 1.77928268526312716169 3.22664828820251958774
