12 0.00000000000000000000 0.00000000000000000000
95 0.22689280275948425780 0.13962634015930272535
68 0.45378560551694374636 0.27925268032162303689
59 0.38626743586387224383 0.41887902048058894833
85 0.68067840827661096892 0.41887902048058894833
31 0.78155650498914430724 0.27925268032162303689
13 0.90757121103677640406 0.55850536063869848924
78 1.13446401379590211533 0.69813170079834541149
4 1.36135681655536955326 0.83775804095769401680
58 1.55025296286009406366 0.83775804095657291359
81 1.58824961931446018149 0.97738438111715530976
99 1.81514242207377773930 1.11701072127650125054
18 2.04203522483310617730 1.25663706143627096345
5 2.26892802759244371913 1.39626340159572270849
55 2.49582083035154322914 1.53588974175522041676
86 2.72271363311121428197 1.67551608191452894303
63 2.58801928504646383544 1.81514242207454046252
66 2.94960643587010507005 1.81514242207454046252
40 3.01860408438472704873 1.67551608191452894303
100 3.17649923862945682274 1.95476876223416629053
74 3.40339204138886497475 2.09439510239352477683
36 3.56757133114720526024 2.23402144255283374719
8 3.63028484414844632155 2.23402144255235768355
48 3.85717764690734643551 2.37364778271229726059
43 4.08407044966606580516 2.51327412287189355666
47 4.31096325242526834387 2.65290046303159243735
28 4.53785605518401613523 2.79252680319128110398
60 4.76474885794367075675 2.93215314335094623388
69 4.99164166069939341241 3.07177948351177931841
23 5.21853446346151184088 3.21140582366987192842
70 5.44542726622149952931 3.35103216382973556620
83 5.67232006898027130148 3.49065850398904142793
49 5.89921287174012221044 3.63028484414821228654
97 5.95977784139311861367 3.63028484414821228654
24 6.12610567450037812876 3.76991118430801464001
16 0.06981317008018292358 3.90953752446732938353
7 0.38744473857910921577 3.49065850398904142793
25 0.52359877559829892668 4.18879020478609831457
93 0.75049157835791469040 4.32841654494566974165
54 0.97738438111688619170 4.46804288510543745616
17 1.20427718387600890537 4.60766922526521849335
82 1.43116998663581385109 4.74729556542400921160
15 1.64153805404854535865 4.88692190558461803107
52 1.65806278939443396681 4.88692190558461803107
9 1.88495559215419450361 5.02654824574354464062
62 2.11184839491366505015 5.16617458590271727559
84 2.33874119767273613846 5.30580092606201958461
87 2.79252680319129620301 5.58505360638145909036
53 3.01941960594975089549 5.72467994654213185868
72 3.15144555610677956636 5.72467994654088752071
3 3.24631240870928516884 5.86430628670106912637
20 3.47320521146927818634 6.00393262685986162097
10 3.70009801422985029618 6.14355896701707937524
1 3.92699002585323952985 0.00000131855667018451
41 4.15388361974463293791 0.13962634016250718982
57 4.38077642250520504774 0.27925268031972455551
22 4.60766922526519806524 0.41887902047851705012
56 4.83456202802473278268 0.55850536063745448434
29 5.06145483078318658698 0.69813170079812736368
98 5.28834763354322134887 0.83775804095657291359
90 5.47724377984655763640 0.83775804095769401680
44 5.51524043630174709563 0.97738438111756709148
27 5.74213323906081818393 1.11701072127686940050
96 5.96902604182028895252 1.25663706143604203547
37 0.13962634015908265139 1.53588974175557746449
71 0.36651914291888765263 1.67551608191436818274
91 0.59341194567801047732 1.81514242207414921992
14 0.82030474843698197862 1.95476876223391649035
2 1.04719755119659785336 2.09439510239348791742
89 1.21137684095548014973 2.23402144255235768355
73 1.27409035395582126426 2.23402144255283374719
50 1.50098315671471360666 2.37364778271225684847
61 1.72787595947410532737 2.51327412287157203608
32 1.68924814568819359195 2.09439510239352477683
77 2.14620581605326288255 1.95476876223416629053
76 2.40855436775298370478 2.93215314334985066580
67 2.63544717051297094912 3.07177948350971474767
30 2.86233997327508982167 3.21140582366780735768
11 3.08923277603081203324 3.35103216382864044220
94 3.31612557879046709886 3.49065850398830512802
19 3.54301838154921444612 3.63028484414799423874
51 3.76991118430841698483 3.76991118430769267533
92 3.99680398706713679857 3.90953752446728897141
39 5.15806573566431847411 5.02654824574331549059
64 5.35816080362293956085 4.74729556542436625932
34 5.58505360638203907087 4.88692190558386396759
79 5.81194640914137750087 5.02654824574331549059
35 6.03883921190070527274 5.16617458590308498145
42 6.26573201466002327464 5.30580092606243081121
45 0.43633231299899455369 5.58505360638124059847
6 0.66322511575812026496 5.72467994654088752071
75 1.34390352403541246673 6.14355896702028392298
33 1.57079632679489655800 0.00000000000000000000
21 1.79768912955438087131 0.13962634015930272535
46 2.02458193231184013783 0.27925268032162303689
26 2.25147473507150763794 0.41887902048058894833
65 2.70526034059079867333 0.69813170079834541149
88 2.93215314335026588921 0.83775804095769401680
38 3.15904594610935696153 0.97738438111715530976
80 3.38593874886867451934 1.11701072127650125054
