1 0.00000000000000000000 0.00000000000000000000
32 0.04498832171657963369 0.24639096138553073789
82 0.13814650575412995570 0.34874572779273205203
36 0.23928178353963153180 0.42749011642421252954
83 0.34456897786288931407 0.49404837088521769140
7 0.45252495703274697725 0.55284199131684808037
62 0.56238854609449318023 0.60613694887485947138
57 0.67370738498428084373 0.65527844875565144367
72 0.78618670591299710804 0.70114244738924669242
73 0.89962181212356240323 0.74433706791952736204
20 1.01386375861132771448 0.78530488276826637684
42 1.12880022277579805667 0.82437987620855990301
55 1.24434407529371049428 0.86182144948617511737
44 1.36042617054056713677 0.89783585472507332348
77 1.47699059546533928433 0.93259030958562572078
21 1.59399142385020797796 0.96622263329865099024
98 1.71139043105874644191 0.99884802718992249382
45 1.82915544324083767513 1.03056397035127256245
11 1.94725911822719321975 1.06145383378631708027
54 2.06567802778153719601 1.09158960061482623871
80 2.18439195500076976941 1.12103394860419158796
22 2.30338334837853819792 1.14984186876211347261
48 2.42263689197214837634 1.17806194043244727432
39 2.54213916299140896271 1.20573734804541943255
3 2.66187835614252987781 1.23290670081567865779
6 2.78184405962566216886 1.25960470020919745870
96 2.90202707156063999250 1.28586268844870366124
30 3.02241924842093823145 1.31170910303645671391
18 3.14301337904353150776 1.33716985637106811069
88 3.26380307929131241451 1.36226865505393579525
93 3.38478270352331866988 1.38702727031646633193
16 3.50594726986797855517 1.41146576847821991763
64 3.62729239692470217804 1.43560270852425464483
33 3.74881424999552947952 1.45945531245342219329
9 3.87050949533051813489 1.48303961294900110701
67 3.99237526116031027357 1.50637058204554152852
26 4.11440910452233410410 1.52946224382650930451
56 4.23660898307214495162 1.55232777359823437280
63 4.35897323121966451254 1.57497958560363282565
51 4.48150054004163322929 1.59742941097267943107
59 4.60418994053662089527 1.61968836733789300908
50 4.72704078985234854571 1.64176702130904095256
34 4.85005276018953601636 1.66367544483427987068
78 4.97322583014337205043 1.68542326630541583476
41 5.09656027828955338066 1.70701971716933043055
53 5.22005667886492386032 1.72847367466811840941
65 5.34371589942423952380 1.74979370129472000528
24 5.46753910039747204053 1.77098808144304964429
27 5.59152773648329226575 1.79206485569744278230
5 5.71568355986660758816 1.81303185315590575932
40 5.84000862524427244438 1.83389672214430299313
35 5.96450529669991347248 1.85466695966093686465
84 6.08917625646667204364 1.87534993984516251686
52 6.21402451566020896934 1.89595294178051276823
47 0.05586811990707536701 1.91648317691076730540
8 0.18108139307819631769 1.93694781635970691980
85 0.30648311160055796698 1.95735401842824496832
95 0.43207775313852775367 1.97770895658171008691
14 0.55787021220464161342 1.99801984822213829496
43 0.68386582605351020625 2.01829398459214282013
70 0.81007040403093522052 2.03853876216071716598
61 0.93649026078694797004 2.05876171590217005303
4 1.06313225383220388842 2.07897055491773485869
60 1.19000382600591159132 2.09917320090754744299
75 1.31711305353625762748 2.11937783010497104996
13 1.44446870049175557504 2.13959291932978601380
10 1.57208028058700199914 2.15982729701139364309
29 1.69995812748142927084 2.18009020010303622428
76 1.82811347495496301363 2.20039133806814257710
66 1.95655854862178468778 2.22074096529493036911
25 2.08530667119991397485 2.24114996363079388431
2 2.21437238380429013418 2.26162993709664439379
92 2.34377158629691173530 2.28219332128719676334
19 2.47352170043569730140 2.30285351062055942961
79 2.60364186051325052773 2.32362500737015587049
94 2.73415313734290421621 2.34452359744609983849
86 2.86507880306146534011 2.36556655927553682872
46 2.99644464626376993976 2.38677291394415647119
58 3.12827934980116628694 2.40816372722163984932
90 3.26061494735416523838 2.42976247744572271259
23 3.39348738008105588193 2.45159550787739055622
89 3.52693718192484251261 2.47369258863891650080
81 3.66101033243286133612 2.49608762262477856808
71 3.79575933081159755389 2.51881954323337708956
69 3.93124456679401479420 2.54193347168857108898
38 4.06753609680166405838 2.56548223185146451186
74 4.20471598457993156472 2.58952836712432432620
91 4.34288144588137559055 2.61414687849673121889
37 4.48214916827075970929 2.63942902518044553162
97 4.62266140009124004706 2.66548773795494664540
68 4.76459479719091394401 2.69246556651374779889
87 4.90817374921299887092 2.72054677549425383276
49 5.05369135366841426560 2.74997657886393476190
17 5.20154427368936911336 2.78109343384960894241
31 5.35229484239287689462 2.81438716200471716888
99 5.50679241798723673185 2.85061366751866973601
100 5.66644334424958895369 2.89105270900853383864
28 5.83394350470886990934 2.93821453361216278211
12 6.01613066675500363090 2.99862106055370203350
15 0.00000000000000000005 3.14159265358979311600
