71 0.15271097719408380233 0.05629173998182301214
79 0.49033598013606799482 0.16060332180428066318
41 0.84346268281003566880 0.03074084640265942192
5 1.35653308762101421081 0.20173751907990911114
80 1.82264719846223477440 0.13218851199154754705
59 2.10123970166739804100 0.13811096122073915349
10 2.48908952207339639884 0.25394672697747455725
24 2.89782938045434557139 0.51209994591322505197
8 2.85310761623606046200 0.72838578609870552327
17 2.44723618968188594280 1.01246391793832124506
48 2.70075532208176793958 1.34907318893060201859
1 2.91615180673865292960 1.59088173327871307272
16 3.13413901676337802726 1.76658756979946907073
31 3.36045011238302038237 2.02703223880969929382
82 3.67451739481417272160 1.75852690864327620979
39 3.84889111386608329113 1.70038473309971549519
77 3.92238751097645899080 1.80866029649239790089
33 4.13398025035537219907 1.57919594069201352227
42 4.31163729300483211659 1.13238364477120523333
21 4.65379055254269768938 1.03143901085173350651
49 4.70842975053539003483 1.14424880795020844637
68 4.95737623325073428759 0.58263095650448781804
56 5.26481568612679051711 0.29987180639150573525
69 5.33459517024215745806 0.27734291493880325330
86 5.41227108682076352153 0.29075446624949469188
51 5.12581607193160149194 0.06656318903822279476
60 4.87818012126710165433 5.92966787066120737393
95 4.26894306096534048578 5.65323708124623536264
43 3.84543327863475292716 5.97769583371809964945
6 4.62473187144701380902 5.20761835432734443430
93 4.21579251332783755402 5.08312456205108986751
57 3.70566377908571942257 4.66289127537283309977
46 3.92159930078585095004 4.55058186038549727925
9 3.42729880165143629966 4.10046722771313643108
32 3.46779836887503467580 3.97245259809000517137
83 3.29356769413214989228 3.87523402027147856330
30 3.54528116161909290227 3.68794815939125442128
64 3.94382202797244030279 3.53083188110857726372
28 4.13862895631112692740 3.41869558772155590631
55 4.14590704648940455712 3.49727050277632045550
38 4.19674105865545232774 3.16817973518200490801
62 4.11200442351829131837 2.98032436913095866160
99 3.75011763084244664768 3.20666755521314961186
96 3.57767093450561901591 3.27011335314327933332
44 3.39261637516731751063 3.20933534396127040367
58 3.59523015662407097182 2.54927475305919326587
76 3.58185495851893564989 2.47652159141130390196
73 3.79882815136890794605 2.43384147518516469333
7 3.82060893436332849049 2.36669044396041305944
88 3.76630286253971169330 2.22245037535156564346
75 4.61296522700633193637 2.22409287392145804674
34 5.14750199562733801173 1.73567003579289158566
91 5.33535828783337962022 1.66234577278452988480
70 5.45564485599440995856 1.50130887342904739690
35 5.61934536698182185432 1.59706513081841650070
40 5.80025218401390585399 1.49761041772407410555
84 5.95830038722456833966 1.26979403939655810518
87 6.06976168452494224681 1.41801902153372161308
14 5.91517239611569323188 1.89676219704816673151
54 6.13491613044542738464 2.03039733879218831092
23 0.00183487003925483175 1.89679527826166194338
29 0.47618091861579475710 1.43263310850977587663
61 0.66806123093453362305 1.69082442280302380766
2 0.89072901965913720002 1.63338920955096322807
98 1.13199708148360156379 1.41946871644336947149
81 1.33069069156537977960 1.43310381602239433896
22 1.51614678765361787782 1.51281133166478953811
25 1.69243687330101866273 1.34063625655959550720
74 1.98229314534829992311 1.63613219843493973293
72 1.46447969181867776456 1.90137612619707518924
18 1.32403181514479162395 1.97788602126830448391
97 1.25080841004445320053 2.09860790586674994529
90 0.83336684053975917941 2.29799270955318135634
12 0.80981547174409374001 2.22698987513157664608
13 0.88308430675668636578 2.78929881170039095650
67 1.01230958936427972716 3.09378725385287811633
4 1.25656224670725213954 3.07366390469986061618
15 1.30447088386691700812 2.89349664135813533505
65 1.29188351910893728380 2.86923401663169252984
85 1.48241953053359099002 3.38618016798730980810
92 1.61614618967703416175 3.88122534524402063028
45 1.20638539328467442324 3.93058481326785758014
37 0.77827527146945396641 4.27796539013361254433
20 0.54887530057282285512 4.32781745032499909343
19 0.54328936869091759565 4.32739215198238014182
78 0.47249918129241658127 4.35319889901350265404
36 0.09163685682332460558 5.04663678929681136509
63 0.13166793138609289571 5.37109737846602097733
100 0.16897986652922800110 5.78822881612242134963
27 0.59613296204819543611 5.59028372808304663266
50 1.00448937455241860128 5.61577058378770921365
89 1.09149277501490282738 5.54450870204621271142
94 1.97051042558996347687 5.27083573067041211146
47 2.68161463129359889379 5.34641182016425897672
3 2.73563860106616818513 5.29999119942086238666
66 4.78739213311885514202 3.16235570296504420185
26 4.68105227335438378589 3.14732738458140026694
53 4.82484020883933162338 2.86733013494108357477
11 5.02843983668229288497 2.98133655857732104977
52 5.04849735656664133643 2.83975524891456387877
