262 0.00000000000000000000 0.00000000000000000000
502 0.00107700195855866816 0.00172003718916201114
565 0.00214989887720186314 0.00243261477210463678
602 0.00254504467503354707 0.00316615220111495996
538 0.00360568447592446266 0.00265776854938381060
321 0.00451283881078572407 0.00406298133456461583
811 0.00503568161967243334 0.00448004228707174317
679 0.00554461516012075186 0.00441323003115747219
481 0.00605728511515617792 0.00413537256803864304
655 0.00655525862160784029 0.00473804460580761703
76 0.00741866692080379083 0.00549187539033010007
818 0.00754091691860568365 0.00504239944794036138
101 0.00837939445188921536 0.00521306367641007247
451 0.00849783308447545072 0.00532985472009980202
704 0.00964305711714425785 0.00634953414206971493
479 0.01051477473063039056 0.00625404592185411102
19 0.01052237042693024947 0.00610819897504226873
160 0.01135435073501499768 0.00649031211581558177
446 0.01166130001306907651 0.00711064849753818493
517 0.01215065003894283055 0.00671887716119340481
557 0.01290063762060424460 0.00694054540324416658
86 0.01343024966421555583 0.00780503663530390975
905 0.01271682695278262762 0.00800008970460934325
574 0.01195493447089243308 0.00819126857819412954
632 0.01186123404420817533 0.00784687865250243040
399 0.01114747620961535797 0.00837887801435098500
951 0.01104855811880675262 0.00764853788755744026
485 0.01083775205802305942 0.00732163019688160908
512 0.01019377112390722206 0.00744568317293231325
575 0.00997289642106999157 0.00752739264794782814
96 0.00930013072208151804 0.00723789158132313089
807 0.00907002944797182659 0.00772839373721703228
417 0.00896028469642031269 0.00830424445318773616
346 0.00826045202772776425 0.00919862564336626325
876 0.00766271361806009771 0.00909650066274576841
158 0.00729597104133486354 0.00937070639274934294
172 0.00668045989651027284 0.00892064180309792669
111 0.00693183445988619553 0.00841363055160512623
464 0.00704709428680342764 0.00792255154430229758
745 0.00679868527194226000 0.00702743832892787496
846 0.00604835719140895105 0.00772585569158247207
373 0.00593020870360409531 0.00859735604807413192
900 0.00567274382701725421 0.00874216296370392172
286 0.00490598007492674265 0.00877807786666061005
14 0.00464340629653318352 0.00856085869350906546
587 0.00386305246325292220 0.00895601686859130199
126 0.00425782148111085793 0.00950680604814705364
174 0.00387001409079931183 0.01039278150343866079
954 0.00439121304937589284 0.01098870475193246439
603 0.00477369473862211246 0.01163309330901724989
316 0.00477598364738366157 0.01181532775462709219
110 0.00438890989929164796 0.01244526424786093592
696 0.00373098790682114883 0.01196653136394672939
927 0.00333815215104014051 0.01229550764435071060
28 0.00267177165010689830 0.01211720927432518961
220 0.00227467110189936332 0.01214536796712176528
738 0.00187873482498471852 0.01295049921997308735
407 0.00174652792006613688 0.01330561812920007594
288 0.00148181780411680338 0.01375211446916782196
700 0.00106987650157641017 0.01425828896509851069
998 0.00133746694888530067 0.01479705113201281071
113 0.00214281411178101223 0.01410851014296233066
438 0.00240875314651356649 0.01494895636975670031
499 0.00201319655913754754 0.01577939618646353320
826 0.00161185019921901581 0.01615549838826729409
755 0.00093954683917959038 0.01562347732095868691
333 0.00053637917343198332 0.01631482911909624967
912 0.00054113624637347924 0.01647530664140315140
972 0.00093479438774246256 0.01719462010157958229
506 0.00147233331784545280 0.01780214592842273638
423 0.00107937703864896236 0.01839922012667466467
662 0.00107462677009706378 0.01876297880049170377
919 0.00147707561273241212 0.01940074742199298860
788 0.00214753731828280130 0.01894829671631201307
854 0.00254739880453859306 0.01920943053683345919
706 0.00321226260876396677 0.01913604915606112455
371 0.00360801262757717974 0.01902070547545327284
114 0.00360335597431911533 0.01815195075058810559
335 0.00346619399252098143 0.01776978115712486359
743 0.00399256834506252819 0.01722592737866833132
413 0.00451513742529506285 0.01759797547758510869
542 0.00503340319041893896 0.01739406569970277511
285 0.00554687159640476855 0.01742788511277150801
195 0.00605505332361198304 0.01756382277069163528
986 0.00655746401821276966 0.01725942929472385964
405 0.00705362484978481943 0.01773527876835050490
661 0.00692528213767553118 0.01818735764827096937
495 0.00790067487034347427 0.01801111282556115342
486 0.00754306287886297774 0.01709252968124932645
570 0.00741651283012065028 0.01683063128117667090
619 0.00741220432344488235 0.01596773587648316409
433 0.00777552922212356584 0.01596572445716253758
909 0.00837313126891408611 0.01581068998903485678
572 0.00872492880473428253 0.01612376425464335378
864 0.00930214433074558374 0.01565458937884121188
995 0.00964107365009137483 0.01628287330485966508
119 0.00963710601104720947 0.01650754563198679470
383 0.00930617097535471616 0.01716123695035817395
239 0.00884595444700976910 0.01783678819332517804
343 0.00918333258483306110 0.01836332463290122133
347 0.00918737944594208433 0.01879985284445016835
913 0.00884185136952952803 0.01936227108905149569
484 0.00825416253130387828 0.01898564891871143759
153 0.00789643083743564629 0.01917148191814614308
426 0.00753877071577245279 0.02023275739965640918
391 0.00742082082039857704 0.02056259572983908102
752 0.00717717522613853590 0.02138959787860035891
342 0.00680087685260744122 0.02198677656633725441
184 0.00618177217630061417 0.02116650666706591452
68 0.00643187562620655112 0.02077491842622662677
466 0.00655305315901686704 0.02002922567512999824
578 0.00554235885625393391 0.01982882426576458232
541 0.00503796005842697438 0.01986866094728480595
327 0.00412416496605392310 0.02073216438906570758
641 0.00438430337461325880 0.02121079834305907019
23 0.00373563704540266165 0.02193952840494055659
885 0.00333348059765958653 0.02143471368863833493
560 0.00267647474573432485 0.02170607352156145656
624 0.00160711113262796768 0.02147710285551944140
904 0.00094429920031370638 0.02227122240015041305
212 0.00120964215788774902 0.02276665155952778755
283 0.00134221224187704743 0.02365765674360061077
988 0.00081154171090775848 0.02421853640378568776
104 0.00026584187991433676 0.02393461681178050970
918 0.00013292481431204187 0.02251629508994006795
449 0.00187400309146991363 0.02048133239064012234
66 0.00294120737026058385 0.02027385200094666481
241 0.00306980332572918914 0.02052055891464410128
999 0.00399720130806493091 0.02006967709157205654
414 0.00516280752121296010 0.02094742277418500803
189 0.00541841558250667505 0.02099092780644711345
814 0.00478056110499265694 0.02217768712131267320
309 0.00579604250884733878 0.02222590360570608770
85 0.00704491714718042793 0.02307111492791159499
507 0.00801685781863042089 0.02333398966604148875
732 0.00813469769794566457 0.02307443371646837604
15 0.00895824251186933505 0.02360306799632520131
232 0.00907206243207642551 0.02281738022179156944
386 0.00929811700841598303 0.02222281932381755046
274 0.00997484924513684403 0.02256593534571044168
628 0.01019183936692183261 0.02246686623298640648
250 0.01083961728510475855 0.02231982656575562385
69 0.01104671589507666592 0.02271614493754349831
842 0.01185948825527206527 0.02297092112706998826
684 0.01195666810896110939 0.02344085861770690837
551 0.01262705849751283999 0.02323147774099842619
263 0.01271845670207770278 0.02317554062867828446
933 0.01359996338221352782 0.02212966809343222541
926 0.01424218208635187784 0.02227431937029311984
987 0.01483757752770035673 0.02203421469449717840
459 0.01537642003583254702 0.02179890537481718460
252 0.01504970099932852884 0.02134464997362103822
181 0.01462373757211262240 0.02081781995731533594
296 0.01447560019689952959 0.02112237525048678288
448 0.01400797974436363523 0.02103458732061744968
597 0.01384632610327797032 0.02090407073500006457
772 0.01333883094684325255 0.02125525174481919174
598 0.01316427719457756093 0.02068955643042461393
969 0.01307819577058886608 0.02011025470750416738
850 0.01243205308565183478 0.02047866165436590044
857 0.01234007940827136669 0.02031507885778874659
789 0.01155492930799684702 0.02052323849307871942
649 0.01135254340449118327 0.02143182829783011820
558 0.01214894165929546015 0.02165992747444962785
946 0.01289903467503566645 0.02189246827247201890
552 0.01114930710861139831 0.02371250946152060612
245 0.01073512180762113861 0.02416117771112741286
640 0.01029945084702922446 0.02399083204570125888
367 0.00986548315003013890 0.02387867979221773573
217 0.00861369163732015122 0.02517449036546773669
733 0.00766057555344044645 0.02486569528826710826
721 0.00729813271558314974 0.02535987547812720497
668 0.00667826142549275952 0.02456518063321608270
498 0.00593244671378940873 0.02404371326185937921
583 0.00567049333475963795 0.02427249916583634412
87 0.00490826371938069255 0.02433042921578797146
452 0.00386537308591394313 0.02462464302845975700
233 0.00320290611340435984 0.02529639123688974880
903 0.00280774965685404903 0.02492677702034500758
680 0.00173942461277817959 0.02523728478341536949
344 0.00066684770501552635 0.02642345460520743872
534 0.00174179241477611085 0.02677912144127856178
173 0.00188346640889895927 0.02767673276952634445
224 0.00281009828720003374 0.02714644150818627810
67 0.00386769361161151421 0.02752617716983369808
861 0.00491054731848692468 0.02791916002959169557
637 0.00425320584300155780 0.02635809999737030035
781 0.00425551372830042501 0.02561747809421826769
515 0.00528963387588974286 0.02601536265625547031
188 0.00529190155822260345 0.02594805761968722868
765 0.00630590067061294422 0.02568281677297961849
445 0.00630811952048152946 0.02628870743651993969
132 0.00667606281382035916 0.02760368608019675429
816 0.00765843728619545073 0.02722136981123086594
41 0.00861162187526493157 0.02685162976342380867
719 0.00953198354675605618 0.02649369020457722004
712 0.01062056431632814671 0.02635365689296876798
352 0.01145497222690948849 0.02670707913149170804
94 0.01224571989627282198 0.02707200956893323143
362 0.01156206139258500812 0.02775528717009508387
678 0.01073324541484002234 0.02815646726720395440
13 0.01030137188002189057 0.02840418015976595503
25 0.00986352001682179284 0.02857237637037408559
26 0.00941234257672057990 0.02799428337853114221
443 0.00895620013234482530 0.02900406560391069130
895 0.00813680300752937964 0.02991344584731486095
226 0.00801474397034912349 0.02945269098983950909
835 0.00716849759929394630 0.02944685070715038697
930 0.00580502006564689518 0.03121549379156595208
705 0.00579828706948474007 0.03164915589530001988
372 0.00680306836214065059 0.03221444707484538705
879 0.00778191996389719903 0.03280766565672405682
961 0.00814311801916219741 0.03317005379296929235
519 0.00873111102647467462 0.03343137377920406966
518 0.00717500602380949544 0.03381299337538770655
691 0.00617954672959948517 0.03449120369138101300
363 0.00542067758184964880 0.03506154232390767261
758 0.00516053429591541764 0.03520824444387379154
795 0.00438660671142828557 0.03435257596114128786
164 0.00333581641209081993 0.03368168955341427351
403 0.00267412321911829082 0.03292988054380563412
156 0.00373331250919058458 0.03233077906681656316
105 0.00477827241346684417 0.03176009290198731488
482 0.00477140579965134280 0.03110951786811923941
90 0.00334282349587996250 0.02953867118994025348
291 0.00241582355810143583 0.02936155165524021241
577 0.00227938975244661559 0.03000906946125789579
694 0.00120726822950660844 0.03049936870344747281
757 0.00013054521308146166 0.03101116396279725643
980 0.00134458482314088251 0.02891641148549538645
88 0.00080916461700860785 0.02807508485799642059
893 0.00026822125666279347 0.02848796720113612110
511 0.00160474158996723481 0.03356002266701401532
559 0.00412185268373509682 0.03596819340988639119
190 0.00294355297189524169 0.03780387617947411627
699 0.00399951770418183455 0.03873578819289363873
997 0.00187636899032387521 0.03693266567160048003
99 0.00080203326311010798 0.03611561790757424062
535 0.00174889559318973441 0.03911455803960720706
884 0.00067398140658734445 0.04014370720766707173
261 0.00040350160465575419 0.04125435653871978997
3 0.00147944669254911239 0.04245822522123266635
544 0.00254975293362242348 0.04376952288931311441
476 0.00320992356286717946 0.04430975161386036670
349 0.00426243687578334307 0.04295237946522634936
971 0.00214517573931224557 0.04579979060542996305
419 0.00107225163058113264 0.04744611838836017975
379 0.00000475931682231375 0.04927867676236856453
596 0.00464799390666977615 0.05220352067390691270
427 0.00592573231064242104 0.05175015045453587592
856 0.00567724455073418711 0.05004622094279566336
650 0.00490141248230277320 0.04964544167865646285
218 0.00825625916736649930 0.04549011464506162727
770 0.00729164723073473433 0.04402832862973395794
848 0.00883979959622040005 0.04271138450484552457
364 0.00975159801590747173 0.04148725778806398173
664 0.01041028524753196544 0.04102517613791507867
717 0.01062622851269985798 0.04035897312475431736
287 0.01146035748746808240 0.03931436111796387384
627 0.01307977145435179449 0.03854419906795127082
410 0.01234176214590048011 0.03762500232030479425
555 0.01155671265355396465 0.03676511462392722390
880 0.01072761508743678635 0.03595820060492740944
149 0.00941835367412094566 0.03627497527941273003
843 0.00849367574256881114 0.03710238027100890013
862 0.00753662445363993336 0.03798517445846315982
21 0.00655084753729598228 0.03893010851132674977
175 0.00860541172127076565 0.03891761955273675272
332 0.00952600250656743947 0.03993169505579705764
478 0.01125488952876479466 0.04220935288494793297
599 0.01205659616206986896 0.04349788600672856859
828 0.01253161570737326702 0.04459646646282532795
266 0.01325736390155302438 0.04321420609234109117
151 0.01511301125722446306 0.04375203354206207845
290 0.01590978135952961919 0.04296895825598336799
521 0.01689334792398082541 0.04196464515099927739
259 0.01632228133231252570 0.04172398449573077456
726 0.01659053749230782540 0.04079961606653290107
720 0.01667256946856407462 0.04057757948546197868
554 0.01622449278378430837 0.03972285323380497779
205 0.01695931064491455059 0.03951710117181924525
658 0.01743490944586860436 0.03932721613047725218
216 0.01735226490225882240 0.03835527564318479826
985 0.01720348276041139615 0.03744849724097257943
590 0.01698913009257085535 0.03659967965216803093
330 0.01671002388803318958 0.03580268259193116615
203 0.01655029253758980370 0.03564902423976189921
357 0.01617681571084922040 0.03643631474039098900
276 0.01574168144427503385 0.03727430728152646838
740 0.01524654827997707664 0.03816895452077599671
365 0.01579660895178205612 0.03872347562839433682
8 0.01469330338416374900 0.03912722774637688444
529 0.01376792761457582177 0.03953014617090958721
808 0.01316271465765478550 0.03612573334729114738
428 0.01384487730316113011 0.03535666085766078076
829 0.01400939913685330697 0.03491652016094767136
924 0.01447427062539941543 0.03463138293320418976
931 0.01504849573605089412 0.03394570663489802215
222 0.01556536400319775450 0.03329597571072495654
300 0.01585765003109321225 0.03330405910289085253
731 0.01537754575385537163 0.03268666927227592556
102 0.01483883045973155568 0.03209923130220290743
872 0.01424355745534117840 0.03153924420004917961
892 0.01424768197511681531 0.03132242953633517651
62 0.01359847179652949774 0.03187207261502145172
820 0.01289743150907357930 0.03244824668073054141
734 0.01214723307315334483 0.03305333591921192499
324 0.01262048549029460079 0.03355176893602742488
493 0.01334036547776752332 0.03421546991881034561
973 0.01462503641526649058 0.03565877940512918176
723 0.01715535780555236742 0.03317805440169621645
237 0.01726621500078693097 0.03342320600176289930
142 0.01739057686276662337 0.03407985624435645039
144 0.01744865509743332571 0.03477314455505941398
471 0.01744022833543283635 0.03550682711115148854
210 0.01732081330707265637 0.03256686993468224656
503 0.01742025107859729999 0.03198511269361525161
17 0.01745329215040735890 0.03143034096549995882
401 0.01675126169550575361 0.03132928962979493470
794 0.01650374313128994547 0.03122229207751515273
584 0.01641695402301578816 0.03080375701953190840
792 0.01682269033941971581 0.03070141217286950774
960 0.01707751838194551675 0.03020271548091653380
368 0.01726725601591069109 0.02972453765109600229
313 0.01739118008078085684 0.02926538100052817129
777 0.01710540364754032164 0.02918141481768408985
697 0.01685884261077748997 0.02874309615657884981
230 0.01654802460546769133 0.02832100678304892011
208 0.01671208364868326246 0.02823843852736591248
606 0.01699076411339831352 0.02783439210446888440
754 0.01742817709158981862 0.02776032091645297753
5 0.01733720633629330307 0.02737274142014684691
841 0.01718015536336184659 0.02699806775118927804
306 0.01695762278256117417 0.02663549691251184889
644 0.01737837416823153833 0.02649818922519626280
600 0.01744493844117244591 0.02615120012901863203
729 0.01744501189279670447 0.02581465072834091684
180 0.01737859423606863754 0.02548793514780650291
134 0.01724593866393977007 0.02517049333115187887
22 0.01717973585205934822 0.02504994871164093612
504 0.01733693217163161451 0.02474452152597088339
889 0.01742804931147656777 0.02444719199900395254
727 0.01745273999939724041 0.02415752568048014012
665 0.01685822668723500201 0.02376762900545328558
162 0.01710493073241129217 0.02349467159329469979
548 0.01728643987068103488 0.02322811311343435034
33 0.01726760238831649349 0.02317888976466987022
630 0.01707800934592365247 0.02291951280901283194
801 0.01682332406369544536 0.02266585808712233072
815 0.01675059344232219735 0.02236863393909543918
196 0.01650451719598189024 0.02241764651760010801
660 0.01641614608003078707 0.02261578893534720719
61 0.01601912911014796714 0.02286833323381591565
589 0.01556105576684687838 0.02312654255312047991
910 0.01550040842028138806 0.02328092860130299285
716 0.01596589639233794364 0.02354874054831722005
549 0.01637053090284341580 0.02382301815316026708
282 0.01654726802313170875 0.02404732866102798905
531 0.01671276960721688326 0.02410410952214150221
209 0.01580065434290329682 0.02511204633017494539
12 0.01562610410165814548 0.02510807153245501674
369 0.01531308620520293456 0.02480494470239085966
409 0.01476715275638577386 0.02450603137125050360
257 0.01432540333071553179 0.02410047587633080968
874 0.01416493475435943485 0.02421486569281442944
301 0.01368287954501398729 0.02438865905513899063
138 0.01298820391498237137 0.02468442220728716760
579 0.01252664570519225994 0.02523326524028235429
227 0.01224402418528814165 0.02498819351975745812
776 0.01145317673885223354 0.02530043351885010935
489 0.01325117099179986928 0.02642792551064078455
914 0.01392684700820576507 0.02608307519899884935
211 0.01392828118785743689 0.02588115517147320660
450 0.01454944133559160635 0.02574853941778201816
353 0.01455075556441804384 0.02621974250726816572
2 0.01511777019963484077 0.02656889666734660316
576 0.01579964341479914158 0.02692460986188934674
940 0.01622712271568779729 0.02656436914375640002
760 0.01531194429734046396 0.02729680092649674691
258 0.01476588417057794062 0.02768173161820295519
58 0.01368435670436150657 0.02783946128325027330
878 0.01298979339153152543 0.02744919793967638688
215 0.01195840156382850343 0.02927112970024136826
115 0.01262541560541581218 0.02963122986965927366
112 0.01185774224838793620 0.03010548856432699802
6 0.01104487346495816764 0.03059995402968931910
121 0.01018990750653325436 0.03111625533407357674
617 0.00997680188972260851 0.03090700278503271184
65 0.00907409526254624420 0.03039964266114895605
851 0.01115113782867235143 0.02882942476466708592
385 0.01359399556590747127 0.03100448635219404600
381 0.01504487830163540353 0.02935575748897864892
996 0.01549931451751348881 0.02954455825935127511
29 0.01556213324824360159 0.02981860580878111650
118 0.01602007361928727350 0.03030076260941000008
950 0.01596493499041866729 0.02909239676160062932
75 0.01636970561835000490 0.02865741638565432250
406 0.01617413438860009628 0.02791405498570497662
394 0.01511658086902837456 0.02542372205724334477
500 0.01695705954525316209 0.02536394075424424147
157 0.01497584115486640804 0.02301925685320192760
737 0.01612280389836162967 0.02217461559850580910
1 0.01585665582658164763 0.02156816657734496670
573 0.01627645450195566376 0.02134178603137703786
981 0.01692509637407845977 0.02138672320435966792
943 0.01715579542348562303 0.02161395906245768342
634 0.01732110578412914340 0.02184559455503085404
424 0.01742039728990204747 0.02208184456053122885
756 0.01702119644311470004 0.02212660904332487688
439 0.01739037516430905553 0.02129986841876868944
243 0.01744860009504669435 0.02107840260231744201
267 0.01744032024390406235 0.02086087021772304803
831 0.01736556717462529875 0.02064709321126295682
20 0.01720308141896530196 0.02035643902745973982
965 0.01735200905417857986 0.02015095994572184065
898 0.01743480010481109413 0.01994869737901102530
169 0.01745113895266243303 0.01974950905506775434
975 0.01713131507402025980 0.01928563972635684298
867 0.01730458483850513471 0.01909589192216208653
375 0.01724739897130931482 0.01906064899416310895
605 0.01704958870495830447 0.01887388348568657184
513 0.01678679442525873519 0.01868950902133733813
710 0.01678809650709915668 0.01847126673136730360
968 0.01646159988933661514 0.01865291163918826253
168 0.01646001787128416674 0.01850741948009701487
830 0.01607236050311635495 0.01883682073562981119
516 0.01562186175762923790 0.01902309937843024365
422 0.01543775199931695340 0.01913363608012329589
994 0.01591075961668520986 0.01932390219858972150
310 0.01632312389190792787 0.01951683104735613475
852 0.01658979842723489612 0.01967317355212316182
411 0.01667327308214979972 0.01971254533467936554
959 0.01689274983038857592 0.01947802644372496200
167 0.01622361554539910461 0.01987120826746784433
921 0.01574270901828515520 0.02039793387986395604
39 0.01617770888175842220 0.02060747097232169811
908 0.01698858476359247846 0.02056528432018599195
537 0.01524770634924936703 0.02019179371104596818
800 0.01518375753520509117 0.02060477340204550090
941 0.01469458751014340869 0.01998889951370053444
271 0.01408546075429478739 0.01978910738200471628
474 0.01376646496735696099 0.01990861820057059431
412 0.01281073346136020301 0.01905824864927435983
681 0.01253327189792552247 0.01909829864577452380
983 0.01205487544149850924 0.01924748284202149398
915 0.01175986218422741571 0.01891104185509512661
95 0.01125307063750229271 0.01943933226453670865
453 0.01062811615988488653 0.01975203365715360801
868 0.01040837516686144576 0.01963391725239033159
163 0.00975357149982246027 0.01955574702980515320
608 0.00952400849176456010 0.01983136397725505581
917 0.00849575453014886177 0.02043956457081655756
30 0.00872905047240898208 0.02152254833786802074
724 0.00964504054756570167 0.02129701510246079579
395 0.00777978985156002004 0.02175239893384927140
251 0.01008557896746413093 0.01861640479611418111
236 0.01008169437813483810 0.01854365950063584234
887 0.01094163010563181312 0.01872619777006945263
398 0.01094533763457206446 0.01843520060836286584
672 0.01124943225435464343 0.01776757626373713997
55 0.01165598741883816167 0.01706144756785936759
746 0.01135977155823501145 0.01660455903167980946
890 0.01135615786088739303 0.01618727599684550988
799 0.01165952932780647128 0.01574813973405587639
404 0.01215235824026719876 0.01602881602930968444
834 0.01243873204353005725 0.01590480020498866512
771 0.01316740159812052231 0.01673254014414607069
871 0.01307504363307679732 0.01719248701507679680
46 0.01342568922885590231 0.01763219672982271197
42 0.01376353886812651563 0.01736031113625447278
463 0.01408827062084238094 0.01746176982697762031
238 0.01439957484601165662 0.01752973807863871664
91 0.01469715496542791169 0.01729299350131502724
928 0.01498072732906561427 0.01770084768772797745
416 0.01543997169931883746 0.01804620527760277329
714 0.01591271529368655513 0.01787150377458927505
374 0.01632480807099653125 0.01769865193213923313
469 0.01689155269379373839 0.01773307851061819984
639 0.01713040446249904786 0.01790629334474948264
689 0.01728512430040922768 0.01783900235136689355
80 0.01740133096319792377 0.01766648728342771688
853 0.01745121305568175796 0.01749572065974950089
911 0.01743458044364943824 0.01732662050411558005
859 0.01735149645660824524 0.01715910763694522903
751 0.01722539304532553703 0.01692921360304041473
564 0.01736604311897772812 0.01676518357535408330
152 0.01744050304216700556 0.01660248984782834378
894 0.01701908896026276680 0.01709465130508055347
793 0.01692741784467681823 0.01657217128271348469
354 0.01663277450780467279 0.01641097380030240305
989 0.01663133173972891274 0.01637887888842824366
766 0.01692625770003162999 0.01621909730064299837
468 0.01715666978733294823 0.01606042354301310399
277 0.01732168975578031109 0.01590279380141330912
497 0.01722615901517448103 0.01587339147186285146
703 0.01702014331610606640 0.01571692010778792323
592 0.01674925594144809071 0.01556135752238851748
273 0.01682459060635587214 0.01537579792797693495
477 0.01650606438934336742 0.01553034884334487942
974 0.01641452926458175296 0.01540664403475246018
98 0.01612462587377083006 0.01568573682960031773
120 0.01585466662640207247 0.01609207270324287953
255 0.01568172888537660778 0.01584202159548383712
281 0.01537416781251760983 0.01593423920215885844
447 0.01517906151120912601 0.01599926392708875614
982 0.01462113913955195854 0.01663492504997183055
677 0.01518141009284644863 0.01679788040125675119
523 0.01525002161733877114 0.01712578876072258505
647 0.01568381756873740360 0.01696218615774150798
458 0.01612644670569443259 0.01712791412148477813
24 0.01627301600254763697 0.01653983371031955002
270 0.01627473584007677401 0.01625096293219821866
780 0.01740169734097038803 0.01519331635525266594
355 0.01728578274649197888 0.01504039321850180431
810 0.01710398391770568544 0.01488812317438703917
326 0.01730334236603500372 0.01482932268947572720
962 0.01741124101118651790 0.01467786543351879379
768 0.01745277722696116432 0.01452692795650619220
840 0.01742779276663728935 0.01437645504121893431
494 0.01733638288018280946 0.01422639187109595721
475 0.01724666948891112606 0.01401879622164075613
223 0.01737903343692727073 0.01386949113418114304
370 0.01744515780110957731 0.01372041118727572798
57 0.01704857035719039779 0.01416838114852225598
56 0.01678549113183668007 0.01431830028051018361
269 0.01689394568094331611 0.01369251929943477060
612 0.01667186553437969773 0.01351387349500943712
83 0.01659127624951389421 0.01354363578258823558
496 0.01632143849021926857 0.01366273151311771759
92 0.01622536972593651566 0.01339485757455411048
888 0.01579762073516134679 0.01324612933566634079
791 0.01574065356119662071 0.01301002846220655415
202 0.01617592221865626900 0.01286116858561985044
582 0.01636805417490994410 0.01259279368431432365
107 0.01654953686940494398 0.01271215490174839452
886 0.01671071078046507466 0.01274197274647269514
550 0.01686007353515370580 0.01256292850731217936
673 0.01698967505513430606 0.01289095102092384197
991 0.01720388375586211216 0.01303978707706284108
491 0.01735252041496671005 0.01318853859378981384
953 0.01718099340722271592 0.01321638481242825777
979 0.01695874832453300729 0.01336510974255185162
645 0.01744013612891193166 0.01268423299827899607
877 0.01744870979984764967 0.01253496022074068218
191 0.01739077828618660823 0.01238540345540785348
51 0.01726656233176616928 0.01223550127831537007
847 0.01707653547721888626 0.01208519044033209804
728 0.01732052052146379126 0.01202686182131993374
762 0.01742010457999080414 0.01187587661179103846
97 0.01745329248700681901 0.01172432498928111140
221 0.01741995772342541660 0.01157213731596184146
154 0.01707702707075742926 0.01135982918169642884
148 0.01726690937578738427 0.01120582603440555686
207 0.01739097934810168375 0.01105093090545868767
683 0.01744876419739862725 0.01089506089781264696
77 0.01699021971061799932 0.01051850128809798425
865 0.01720428442562279420 0.01035865954224233013
753 0.01733748012265498573 0.01032858093188232171
40 0.01718057452895527942 0.01016707736839392306
742 0.01695818575706536241 0.01000405350592004430
952 0.01667116131819265656 0.00983939193928214280
165 0.01659201468991773967 0.00980625222192974683
692 0.01622624636749274776 0.00997125619302138139
631 0.01579863222629381350 0.01013459784809377963
253 0.01573962543916259879 0.01039073554888646743
891 0.01531080211792947877 0.01029639629921025833
611 0.01596397326709936629 0.01099069350497664313
839 0.01602101782249087600 0.01139052978197260119
750 0.01641776166973656775 0.01154356644188199443
293 0.01682205631610337107 0.01151301923644914259
707 0.01685945820709838436 0.01086576194497304061
229 0.01671139741522203320 0.01067705641979419667
325 0.01654878085830469719 0.01070862196774269477
514 0.01636888002721641547 0.01083442307925466808
614 0.01617502843696756384 0.01055031201505796622
179 0.01556321041594751868 0.01123669558919310543
348 0.01504608444071682191 0.01108198518055135938
247 0.01484133545775272352 0.01154161716152036880
922 0.01484008310057319084 0.01190611680000124364
925 0.01504729020674030852 0.01235545270867479360
125 0.01537867117023410460 0.01205699689300451447
200 0.01556428736025281499 0.01220547387786893694
956 0.01602196178939191418 0.01205507355533338813
308 0.01524538990557293069 0.01315879236257535938
958 0.01454681205255370369 0.01375021169193102986
764 0.01511420141754272507 0.01389933236768859000
303 0.01476968904856698107 0.01434641135770766372
636 0.01491085330587670239 0.01470811353327948143
769 0.01497828476932800551 0.01516267684858270751
128 0.01544219019311939348 0.01485968144256957779
556 0.01550259539955640975 0.01500988877860461555
568 0.01596781835705908190 0.01485774250441929470
48 0.01607421531926231384 0.01419833646697439382
825 0.01562398347703881051 0.01404868920428423672
778 0.01439688492043726502 0.01531616334097402228
47 0.01409107941650638435 0.01537776632895741791
49 0.01342872977225578225 0.01522398441262004000
289 0.01351174065349516375 0.01464763814346123176
633 0.01367992448573655297 0.01440651505217436200
902 0.01416771477168564039 0.01449679788328642194
139 0.01432268411368530815 0.01455707650906893497
688 0.01393114868132924386 0.01369061735980271928
945 0.01325581605132470503 0.01383965879630937035
837 0.01298502428546031116 0.01425637432449246463
425 0.01252995930527096673 0.01398891454657995304
653 0.01308134687303016269 0.01321828382059168222
292 0.01234344462193336968 0.01306954236372638578
671 0.01224911064245420671 0.01318663957982957671
235 0.01155849574060253092 0.01292072778231236931
505 0.01145856263592344090 0.01333536335932214434
730 0.01125670816369323327 0.01372231354696170150
103 0.01175634497505739090 0.01413843921973683207
774 0.01114564499925821232 0.01476673943969258884
741 0.01093792177972372631 0.01428828704235963858
317 0.01041219518345965975 0.01357340220506455045
116 0.01062434062610221296 0.01348411495763797777
651 0.01072949207358166179 0.01277178253681326113
228 0.01030521336294225147 0.01268232857946769050
812 0.00985959323640961914 0.01262264843194662971
131 0.00941635019364560344 0.01283137992490934222
356 0.00952799638011695045 0.01342460738976960187
127 0.00974962435094226670 0.01363294968051265328
18 0.00919142568896439902 0.01422830560020838658
881 0.00883774767260314155 0.01378192282702667658
882 0.00860748190492157360 0.01327587371032422359
964 0.00849159680232071043 0.01298026599498808102
78 0.00814101319304366688 0.01217542949404428441
817 0.00778404991964629003 0.01208711254490174580
966 0.00717283666664839635 0.01232548761056929607
616 0.00680525972029794816 0.01193633487500833819
508 0.00680745093929658197 0.01151106811644562154
806 0.00717066725616437653 0.01111300119257820941
378 0.00667386404652708237 0.01042479955661401031
932 0.00617509548877567555 0.01095753141548567317
585 0.00580277582197475609 0.01166353028154377448
524 0.00580053152428564121 0.01178501799804708428
763 0.00617732116350514469 0.01247517506558977474
708 0.00542293955130013650 0.01259469994281785937
739 0.00515826097012043409 0.01262455416264967288
676 0.00529643666566821745 0.01366082993066846003
656 0.00490369634124801328 0.01443659190583142238
185 0.00464570013771553256 0.01461743120711444036
380 0.00451973454690598759 0.01525468130063773950
122 0.00502884591946193768 0.01543949398896138012
72 0.00555138392261664542 0.01540861443307196300
27 0.00605058939347866316 0.01528540738543561830
337 0.00592797057469288818 0.01458724409176506177
147 0.00567499424000427084 0.01446668612199186917
341 0.00630146260680099733 0.01378001961389447270
177 0.00668265829314283397 0.01431638368228108082
907 0.00692965050899393281 0.01473838293132593603
400 0.00704927125608330405 0.01513206515905650765
248 0.00802108503612139825 0.01497941003395578466
71 0.00825835569647150047 0.01407859354662188353
976 0.00896232671479594602 0.01482738536121837314
176 0.00997094340383939022 0.01543752169722204491
833 0.01019570258838883858 0.01549937352556448288
561 0.01083588669749355887 0.01559240024320346883
963 0.01105040018720834967 0.01534498313043648754
44 0.01195320062648526534 0.01491852760351871504
567 0.01271519694739478394 0.01507092389943776034
442 0.01280426700154593811 0.01479898698402655824
418 0.01400514018912491811 0.01647325015011248672
32 0.01384922298578675562 0.01657010527643242373
100 0.01271193631916088529 0.01780435540762922639
978 0.01280750066659526974 0.01811662353793013977
487 0.01351475270873899251 0.01829406396383713093
244 0.01417049369678223189 0.01847357223653919162
690 0.01431996383567235576 0.01840151465834982680
685 0.01490837913595600278 0.01822284499682087777
53 0.01730396425203912722 0.01808137525272511884
819 0.01741157053161476037 0.01825841346798466255
522 0.01745281317304426053 0.01843750056296685272
663 0.01745128587386119215 0.01534694951757864002
231 0.01447294081883505369 0.01250507348856618080
45 0.01401081826895885819 0.01256483553747755021
63 0.01384342819132062564 0.01265439828957522043
37 0.01334189980927997718 0.01241534045540433791
822 0.01289582814596884966 0.01199670680793054819
408 0.01262212911063535607 0.01226551232137189015
970 0.01185424951887987730 0.01211528846733437269
701 0.01185599600201123899 0.01132909607805882707
397 0.01115296828174515593 0.01089705781937449006
543 0.01156027872480083069 0.01048663893226892303
618 0.01145676748871765106 0.01003678556907518053
382 0.01073136887130175278 0.01064544353674842792
338 0.01030329271156446048 0.01074014050224560667
279 0.00986155674106504836 0.01080304029014136913
949 0.00941434648171047585 0.01058207206095244414
804 0.00895415761472964818 0.01095952279760865032
182 0.00907612795439187783 0.01142119837032128625
436 0.00907816044704059730 0.01202493724042456337
615 0.00997875431317516229 0.01157408485703190909
311 0.01104303080620524548 0.01148244259254604764
824 0.01224741539900442953 0.01019949599705382605
312 0.01234512689900560747 0.01032652781927684976
89 0.01299138257528221173 0.01036070904994091692
170 0.01334343382334308645 0.01101983765825915659
467 0.01289422446430397128 0.01144988082835053829
473 0.01262377247708120626 0.01117492102082951431
117 0.01359548790015046270 0.01160262915987302773
580 0.01359698001572104582 0.01184561374356525414
693 0.01424493255576175094 0.01175468394141385153
540 0.01424630737195388408 0.01169394067049209750
336 0.01447161064321298221 0.01092631711171762263
709 0.01455206953143245961 0.00980836998424914654
345 0.01454812680242939700 0.00957436153594182389
7 0.01511539127177312543 0.00940485796281065670
155 0.01531422784664355531 0.00906152910449089730
798 0.01562504396296527515 0.00923322262405944574
392 0.01637135589839232991 0.00845298474577095386
444 0.01596685748925700393 0.00826672478194423813
10 0.01550150210730752952 0.00807700819581872419
54 0.01601818429789336751 0.00776805898561805375
434 0.01641533783893392093 0.00756796012113056422
967 0.01650529089967641902 0.00740453455246238134
715 0.01674992487166878860 0.00736318456246596361
389 0.01682395753473521841 0.00760834065738382522
108 0.01707850002153302182 0.00780755298961617085
298 0.01728611146562731085 0.00803862515397297216
802 0.01710445749921822578 0.00822906680846499823
130 0.01685761040821546000 0.00841599635913903819
896 0.01741107576033730509 0.00848749614281657169
761 0.01745275882996251415 0.00866999231849616657
136 0.01742792123773380733 0.00884957562612324194
315 0.01733665771167113359 0.00902645894943853756
759 0.01717931599058142994 0.00920083733269888224
319 0.01724630419936394599 0.00926772789860173113
206 0.01737881399799046447 0.00943892422501906025
838 0.01744508499096927845 0.00960801994735665903
646 0.01744486464767597625 0.00977516331032964730
387 0.01704806068650027359 0.00909427082922764467
437 0.01740188005023278819 0.00784437285159564172
669 0.01702067000984209405 0.00715328655789986088
836 0.01722654154584446831 0.00693775557199770472
192 0.01732139799251365686 0.00689672913174712091
992 0.01742054315753930119 0.00711337747934294180
50 0.01715623283163545190 0.00667373957153881078
358 0.01692567716210405596 0.00644370322962937916
457 0.01663349540141586397 0.00615717474927825279
625 0.01663060987459520287 0.00620578762887985438
141 0.01627559531494900472 0.00639677962967424591
93 0.01585566141811659349 0.00662832066187879140
674 0.01568068416563749706 0.00698133933626865315
813 0.01537529401357612402 0.00685265973323730213
295 0.01483632432252318320 0.00707052485007643623
124 0.01497706309213023453 0.00788354371480416878
936 0.01491208990886523644 0.00845062725104587902
440 0.01476842104921045548 0.00888516183653736621
944 0.01432404384728474048 0.00863373337349014440
304 0.01416632491476218017 0.00870613492882687558
462 0.01368140219784548701 0.00881388145812760614
64 0.01351023425272497233 0.00852423933767375297
642 0.01298661416794861384 0.00899128885858984164
594 0.01252830262723736605 0.00930214263646773377
870 0.01224232821970587179 0.00916615323868365424
782 0.01175458602157013893 0.00912915126272376143
472 0.01062245254316268768 0.00987246125683267917
456 0.01041410485999740357 0.00977304083700624576
586 0.00974765051466526013 0.00970639923441017800
809 0.00952999000326976500 0.00993839238885232783
393 0.00860955202412928139 0.01010205659932875838
546 0.00848951775033483964 0.01042275694100838236
415 0.00765629893885001311 0.01026415454866337444
718 0.00813890816656303272 0.01126752986190585060
923 0.00630368166466883841 0.00954062402695550309
652 0.00529416913404309308 0.00967510362390616024
948 0.00528736610024230311 0.00970853117054356826
256 0.00372866321215135649 0.01148048948408933456
510 0.00334048783013696704 0.01114397969214525261
947 0.00281244690651196762 0.01023185477243335889
533 0.00320524534785690367 0.00933646836453551690
748 0.00280540096078139498 0.00913137483809471455
722 0.00214045247429571006 0.00916393560239572164
527 0.00133983965733530013 0.00834162810747626250
990 0.00121201604495299966 0.00768855451379872688
490 0.00094192307969418203 0.00727986697877744046
420 0.00160948071244610747 0.00653661340392150923
563 0.00201556031512282194 0.00706778110061538883
284 0.00267882616696297083 0.00676373922310636536
805 0.00373796150379176323 0.00698411364205173395
530 0.00438200006339887864 0.00625711502412984021
492 0.00412647713855734087 0.00570548295599123366
786 0.00399488497568713501 0.00480042195102518485
305 0.00307214585314342405 0.00543721641461678614
520 0.00293886176014544276 0.00510114682089532999
340 0.00200610502076279318 0.00515555450839540446
539 0.00053400061446923100 0.00630195881543568759
34 0.00013530433820626469 0.00748663491488906537
454 0.00026346244848934457 0.00852658106821959499
906 0.00040825959908571491 0.00973975694985197184
607 0.00066922560481992512 0.00990546101716622239
984 0.00080678749160676571 0.01061378244273882172
431 0.00027060066231167958 0.01077161298338343703
779 0.00120489426505929437 0.01145183582025295632
773 0.00134695737240703834 0.01092831118660868468
133 0.00188110060010020946 0.01045472459620821505
977 0.00174416013328279607 0.01006945291733450133
159 0.00227703050585292572 0.01129832976724585297
242 0.00080441040813023889 0.01280158480695488959
361 0.00027297998234696681 0.01265249323487707342
873 0.00067160356572296403 0.01345435964948353894
993 0.00040588058682870803 0.01360317350519860309
429 0.00013768398510867976 0.01546843129590258666
648 0.00200846892722156018 0.01702830265285576808
161 0.00254269032158254034 0.01797609718490043168
509 0.00307448831234768353 0.01686343669146353128
682 0.00268117764467873691 0.01599724991074722574
767 0.00307917307406883152 0.01593624813936182077
659 0.00347085839752066683 0.01510148094873564432
183 0.00359869909568318221 0.01476867390713808639
525 0.00386073179092449740 0.01428637150262412024
526 0.00426012926184563510 0.01380983506654462518
59 0.00320758448219815107 0.01395904365330739166
536 0.00281479540460648865 0.01315689319731237587
280 0.00294589847104796514 0.01309929469469386931
294 0.00541389121187253134 0.01650548596846363250
657 0.00516735362215030563 0.01653777087056494330
713 0.00412878935500907759 0.01669994965989829439
883 0.00465028756897680872 0.01832979718948294506
109 0.00592349396440856098 0.01836561379511179176
942 0.00642745104191365640 0.01666741146270472873
744 0.00837730685863333040 0.01699521559352217340
626 0.01051667389844192224 0.01634683083214137980
351 0.01052047184008510911 0.01644311620693342246
775 0.01205143331831403514 0.01794115750179411592
610 0.01243539304397843839 0.01689629725955483705
73 0.00765416036480538915 0.01312714520118350020
860 0.00753447801324034095 0.01312904448772436380
328 0.00729380921480366536 0.01392918305545608713
749 0.01029752954122317016 0.00856319253868867425
593 0.00986744601719097975 0.00848984584569919230
670 0.00837104325545335974 0.00702467965209627090
784 0.00872698967685106401 0.00658261425326143491
329 0.00777765963687890999 0.00680833136154019788
16 0.00801897157373923988 0.00811524152545048914
635 0.00618399749322071438 0.00620887902993384234
666 0.00642966341874032319 0.00575769943003110341
787 0.00541615339836940945 0.00601230737482144617
74 0.00516508056216044044 0.00596221091587472059
675 0.00452203294768575761 0.00776553192675172050
129 0.00347319046744261643 0.00796139936883536944
234 0.00241110997252114634 0.00815332761447113211
81 0.00039874365779804050 0.00399403707052214344
9 0.00147470436223244897 0.00360377600784294759
84 0.00692309771778741069 0.00254396469951490749
796 0.00789855295314502610 0.00307119354817592637
455 0.00825206571136758750 0.00255138166008827844
198 0.00918535590221417411 0.00188421985256971743
797 0.01008363722226727176 0.00076921152918914845
654 0.01094348420684567585 0.00153843893676112575
929 0.01176162024808895951 0.00230775383544058830
783 0.01205315431724974726 0.00325835684429353093
937 0.01280911714900368099 0.00276690584218077830
36 0.01351625851082838108 0.00216704677533273134
623 0.01490714150764864236 0.00242483544536590450
323 0.01543886206680290286 0.00297321542350730775
920 0.01591173762522087379 0.00343538425658616430
687 0.01632396602646518299 0.00384264899494556013
366 0.01658905895547820725 0.00413995192453408233
897 0.01689215150181080580 0.00376469471473521618
331 0.01713085996930856572 0.00334803424648005051
11 0.01730427461902217176 0.00287190859212333761
934 0.01741173467517313778 0.00229955220736619134
197 0.01705009741913190990 0.00217574747774984707
480 0.01678744557042900418 0.00133232183110017460
823 0.01646080943055564655 0.00108783194039211535
166 0.01607143249522722042 0.00203520651036793272
667 0.01740114737897977687 0.00391423196752672693
483 0.01745117607189605041 0.00427652622007064238
955 0.01743469035644758594 0.00461081346757549748
855 0.01735175292694816906 0.00492286039497163378
31 0.01720267975612126132 0.00521671456631693856
622 0.01722500959730271022 0.00532627889613832787
275 0.01736580531900038318 0.00559965505569432875
143 0.01744041189283679003 0.00586080228684440242
803 0.01744854467821338462 0.00611133684394198681
186 0.01612371511581782782 0.00719569927094283225
60 0.01462243844887185958 0.00580946871314517825
82 0.01447692951354292816 0.00616028908581181880
899 0.01400656004209305770 0.00606201275368208232
421 0.01384777469060516700 0.00591171274528268925
441 0.01316583948354251021 0.00565280589219467611
320 0.01243372321053804082 0.00538202319527495126
187 0.01233839638345538177 0.00515924469911487223
532 0.01165421604226860551 0.00509741605169586939
265 0.01040646496023783438 0.00406764094729762833
845 0.00975554481635181395 0.00391906662349637835
334 0.00884390296058400714 0.00352058036501534059
178 0.01125125163903682030 0.00368510667077432590
302 0.01307661982389454747 0.00486201746791168048
790 0.01376500198517533434 0.00454588953262658347
629 0.01408686575169151682 0.00434540740682502150
562 0.01440091940665367935 0.00420653346098635861
938 0.01469587145873846139 0.00467485278117112796
588 0.01524886413240446673 0.00498297895289548983
528 0.01568486138970802760 0.00526996550695267661
695 0.01574373631040453664 0.00527357795037747268
376 0.01518258392928651009 0.00554601655302714661
79 0.01342416858348165556 0.00398929259749633384
591 0.01325426797126546402 0.00947290640438076294
194 0.01392541259601953046 0.00974188407395904128
460 0.01392971505156592391 0.00964160019670075828
240 0.00067635930101996630 0.01979163947099231435
866 0.00040112257940249784 0.01959477547242459775
249 0.00000237964224293684 0.01857998771184582107
935 0.00228174899925591120 0.02302256069767383284
488 0.00241346678396396836 0.02338729881561406668
70 0.00347552251754334714 0.02312320866538941644
377 0.01325271959718028920 0.02555251902969554387
643 0.00643408774300489525 0.03581255535320555794
698 0.01562292278983842299 0.04518646463648191836
595 0.01704907968653225289 0.04643805300054913016
620 0.01607328802809448315 0.04676708110770642218
547 0.01678614294290871681 0.04815485703073799778
609 0.01646239046752080021 0.04852106283696522998
150 0.01742766403774146169 0.04887139881179780598
571 0.01645922637790310852 0.05007213222346668796
569 0.01745279535527541337 0.05087718736740071829
747 0.01741140591287651876 0.05314656896822489429
35 0.01490961634718672782 0.05363735650751751127
601 0.01351324679803953335 0.05266881435124295269
213 0.01432132408467422929 0.05130819808475541033
735 0.01416910433614255657 0.05045666950279627944
339 0.01367844656382913304 0.04925395357840746391
545 0.01477095679371093727 0.04849743857660790414
272 0.01175810369547088639 0.04611569822242397865
465 0.01093977604501704046 0.04779663888907761948
863 0.01008752101332203652 0.04889556198667727172
916 0.01007975176990832250 0.04967074717164135511
621 0.00918940264143948936 0.04710301978695742575
193 0.00692746639461125271 0.05414178629349506583
638 0.00790279667394315141 0.05689294772602547512
875 0.00802319844503227367 0.05871512974975230670
384 0.00705144811748661254 0.06226172231571681925
832 0.00451743605283000740 0.06560871584235539178
214 0.00605282140929205154 0.06653266272881552812
432 0.00554912782327896675 0.07065882603140317963
52 0.00503112457512133477 0.07181540995111378167
435 0.00014006354197542383 0.07295101562208976265
204 0.00655966926215726612 0.07708050302134808462
137 0.01019763386688534237 0.07422535338918570536
307 0.01376207548169455092 0.07303042781259165561
254 0.01469843828261298280 0.07565684149579302020
297 0.01650683754432040809 0.07556859803144676258
553 0.01743447009941434533 0.07430898683279932304
199 0.01674858671898972126 0.07698720883151614902
201 0.01083402112617011699 0.07848852543379290780
314 0.00930415775551901233 0.08177403741163295769
390 0.01165775847964073408 0.08757799515824016279
711 0.01612553644031194944 0.08357895635471501716
268 0.01701961632023213378 0.08550858224783727812
844 0.00837521913467920327 0.09221056033582747391
785 0.00201083277905719695 0.08980495747368733017
225 0.00093717061164574683 0.08008092848879151682
106 0.01408967512344271381 0.06955612555226468874
849 0.01439823001997527982 0.06749651394701704221
957 0.01342720962937714486 0.06472198393902821312
388 0.01497950618839843234 0.06305061399872637085
171 0.01271356675917923416 0.06076822206035520368
402 0.01204971189728763423 0.05811546853063562224
264 0.01195146653160151194 0.05745559702009638697
123 0.01280588395734989435 0.05519421657489450433
430 0.01544108109535286683 0.05630961310321166979
38 0.01730365345929661333 0.05574365333703427267
581 0.01712994868624858821 0.05875669698101385757
725 0.01591369267280729263 0.05941939910640067768
4 0.01550368843479002674 0.05937642511980832649
145 0.01728545367017043227 0.06006034633744858353
821 0.01740151430895977430 0.06387002459675582278
219 0.01745124963860164233 0.06850323885743968277
613 0.00360102756979504461 0.05466050830205505112
135 0.00254033604867683364 0.05749457176121400281
360 0.00240639622155286144 0.05807523255206369778
246 0.00346852622028039851 0.06150149257663014429
318 0.01724703437429387851 0.04488864442917773340
1000 0.01737925258922792121 0.04348070943574357250
461 0.01713176988219652919 0.04323107926983738025
827 0.01568277337743137143 0.09482007111423382262
939 0.01722577620525251457 0.09766406049308271053
260 0.01243706266509745327 0.10077992521249315439
43 0.00741435864011022894 0.10802440081592543097
470 0.00307683071792918140 0.10421398144926226348
604 0.01518023593354828928 0.11228542076047513809
322 0.01736628059830009480 0.11709353991134127670
501 0.01715710649729800322 0.12220358493357533214
359 0.01316896339179878493 0.12257690819822424089
901 0.01585367155338263112 0.12847607378861650163
869 0.00872286777588915374 0.13582493700397199610
299 0.00642523856581752456 0.13633800920440913851
686 0.00413110142491578212 0.12891006100994739647
146 0.00161421964752118626 0.14459814227347436710
396 0.01135796481899354823 0.15532468815708941334
350 0.01461983951251238749 0.14521762690716441546
140 0.01692683793861203545 0.16885701249255277712
736 0.01627387609890893275 0.18667962513574609673
566 0.00963908991043332247 0.21167586328358012349
858 0.00053875770093963181 0.25045920403806148924
702 0.01051857296468803639 0.32334225534120408785
278 0.01663205328442973405 0.56004591881489929062
